
> k-app@1.0.0 web
> expo start --web --port 8084

Starting project at D:\k-app
Logs: D:\k-app\.expo\dev\logs\start.log
🔍 [expo-iap] Config values: horizonAppId=undefined, isHorizonEnabled=false, isOnsideEnabled=false
📦 [expo-iap] Using OpenIAP from CocoaPods
React Compiler enabled
Starting Metro Bundler

 ERROR  An unknown error occurred while installing React Native DevTools. Details:

spawn EPERM
Waiting on http://localhost:8084
Logs for your project will appear below.
λ Bundled 9292ms node_modules\expo\node_modules\@expo\cli\node_modules\@expo\router-server\node\render.js (3610 modules)
Web Bundled 15915ms node_modules\expo-router\entry.js (3421 modules)
Web Bundled 2806ms node_modules\expo-router\entry.js (3572 modules)
Web  LOG  Running application "main" with appParams:
 {"hydrate": undefined, "rootTag": "#root"} 
Development-level warnings: ON.
Performance optimizations: OFF.
Web  WARN  "shadow*" style props are deprecated. Use "boxShadow".
Web  WARN  "textShadow*" style props are deprecated. Use "textShadow".
Web  WARN  props.pointerEvents is deprecated. Use style.pointerEvents
Web  WARN  Animated: `useNativeDriver` is not supported because the native animated module is missing. Falling back to JS-based animation. To resolve this, add `RCTAnimation` module to this app, or remove `useNativeDriver`. Make sure to run `bundle exec pod install` first. Read more about autolinking: https://github.com/react-native-community/cli/blob/master/docs/autolinking.md
λ Bundled 142ms node_modules\expo\node_modules\@expo\cli\node_modules\@expo\router-server\node\render.js (1 module)
Web Bundled 4259ms node_modules\expo-router\entry.js (1 module)
Web Bundled 177ms node_modules\expo-router\entry.js (1 module)
Web  LOG  Running application "main" with appParams:
 {"hydrate": undefined, "rootTag": "#root"} 
Development-level warnings: ON.
Performance optimizations: OFF.
Web  WARN  "shadow*" style props are deprecated. Use "boxShadow".
Web  WARN  "textShadow*" style props are deprecated. Use "textShadow".
λ Bundled 1118ms node_modules\expo\node_modules\@expo\cli\node_modules\@expo\router-server\node\render.js (1 module)
Web Bundled 4981ms node_modules\expo-router\entry.js (1 module)
Web Bundled 161ms node_modules\expo-router\entry.js (1 module)
Web  LOG  Running application "main" with appParams:
 {"hydrate": undefined, "rootTag": "#root"} 
Development-level warnings: ON.
Performance optimizations: OFF.
Web  WARN  "shadow*" style props are deprecated. Use "boxShadow".
Web  WARN  "textShadow*" style props are deprecated. Use "textShadow".
λ Bundled 182ms node_modules\expo\node_modules\@expo\cli\node_modules\@expo\router-server\node\render.js (1 module)
Web Bundled 4192ms node_modules\expo-router\entry.js (1 module)
Web Bundled 144ms node_modules\expo-router\entry.js (1 module)
Web  LOG  Running application "main" with appParams:
 {"hydrate": undefined, "rootTag": "#root"} 
Development-level warnings: ON.
Performance optimizations: OFF.
Web  WARN  "shadow*" style props are deprecated. Use "boxShadow".
Web  WARN  "textShadow*" style props are deprecated. Use "textShadow".
λ Bundled 142ms node_modules\expo\node_modules\@expo\cli\node_modules\@expo\router-server\node\render.js (1 module)
Web Bundled 3810ms node_modules\expo-router\entry.js (1 module)
Web Bundled 147ms node_modules\expo-router\entry.js (1 module)
Web  LOG  Running application "main" with appParams:
 {"hydrate": undefined, "rootTag": "#root"} 
Development-level warnings: ON.
Performance optimizations: OFF.
Web  WARN  "shadow*" style props are deprecated. Use "boxShadow".
Web  WARN  "textShadow*" style props are deprecated. Use "textShadow".
