Starting project at C:\Users\Peposi\Documents\Kapp
Logs: C:\Users\Peposi\Documents\Kapp\.expo\dev\logs\start.log
🔍 [expo-iap] Config values: horizonAppId=undefined, isHorizonEnabled=false, isOnsideEnabled=false
📦 [expo-iap] Using OpenIAP from CocoaPods
React Compiler enabled
Starting Metro Bundler

warning: Bundler cache is empty, rebuilding (this may take a minute)
Waiting on http://localhost:8082
An update for expo is available: 56.0.9 → ~56.0.16
10 other packages may need updating. Run npx expo install --check for details.
Logs for your project will appear below.
Android Bundled 13101ms node_modules\expo-router\entry.js (4423 modules)
 WARN  [Reanimated] Reduced motion setting is enabled on this device. This warning is visible only in the development mode. Some animations will be disabled by default. You can override the behavior for individual animations, see https://docs.swmansion.com/react-native-reanimated/docs/guides/troubleshooting#reduced-motion-setting-is-enabled-on-this-device.
Android Bundled 2372ms node_modules\expo-router\entry.js (1 module)
Android Bundled 202ms node_modules\expo-router\entry.js (1 module)
 WARN  [Reanimated] Reduced motion setting is enabled on this device. This warning is visible only in the development mode. Some animations will be disabled by default. You can override the behavior for individual animations, see https://docs.swmansion.com/react-native-reanimated/docs/guides/troubleshooting#reduced-motion-setting-is-enabled-on-this-device.
 ERROR  [ReferenceError: Property 'Settings' doesn't exist] 

Call Stack
  Home (app\(tabs)\index.tsx)
  callComponent.react_stack_bottom_frame (node_modules\react-native\Libraries\Renderer\implementations\ReactFabric-dev.js)
  renderWithHooks (node_modules\react-native\Libraries\Renderer\implementations\ReactFabric-dev.js)
  updateFunctionComponent (node_modules\react-native\Libraries\Renderer\implementations\ReactFabric-dev.js)
  beginWork (node_modules\react-native\Libraries\Renderer\implementations\ReactFabric-dev.js)
  run (<native>)
  runWithFiberInDEV (node_modules\react-native\Libraries\Renderer\implementations\ReactFabric-dev.js)
  performUnitOfWork (node_modules\react-native\Libraries\Renderer\implementations\ReactFabric-dev.js)
  workLoopSync (node_modules\react-native\Libraries\Renderer\implementations\ReactFabric-dev.js)
  renderRootSync (node_modules\react-native\Libraries\Renderer\implementations\ReactFabric-dev.js)
  performWorkOnRoot (node_modules\react-native\Libraries\Renderer\implementations\ReactFabric-dev.js)
  performSyncWorkOnRoot (node_modules\react-native\Libraries\Renderer\implementations\ReactFabric-dev.js)
  flushSyncWorkAcrossRoots_impl (node_modules\react-native\Libraries\Renderer\implementations\ReactFabric-dev.js)
  flushSyncWork (node_modules\react-native\Libraries\Renderer\implementations\ReactFabric-dev.js)
  scheduleRefresh (node_modules\react-native\Libraries\Renderer\implementations\ReactFabric-dev.js)
  apply (<native>)
  renderer.scheduleRefresh (node_modules\react-devtools-core\dist\backend.js)
  mountedRootsSnapshot.forEach$argument_0 (node_modules\react-refresh\cjs\react-refresh-runtime.development.js)
  forEach (<native>)
  performReactRefresh (node_modules\react-refresh\cjs\react-refresh-runtime.development.js)
  Refresh.performReactRefresh (node_modules\react-native\Libraries\Core\setUpReactRefresh.js)
  setTimeout$argument_0 (node_modules\expo\node_modules\@expo\cli\build\metro-require\require.js) 

Call Stack
  WrappedScreenComponent (node_modules\expo-router\build\useScreens.js)
  BaseRoute (node_modules\expo-router\build\useScreens.js)
  SceneView (node_modules\expo-router\build\react-navigation\core\SceneView.js)
  render (node_modules\expo-router\build\react-navigation\core\useDescriptors.js)
  routes.reduce$argument_0 (node_modules\expo-router\build\react-navigation\core\useDescriptors.js)
  reduce (<native>)
  useDescriptors (node_modules\expo-router\build\react-navigation\core\useDescriptors.js)
  useNavigationBuilder (node_modules\expo-router\build\react-navigation\core\useNavigationBuilder.js)
  NativeStackNavigator (node_modules\expo-router\build\fork\native-stack\createNativeStackNavigator.js)
  <anonymous> (node_modules\expo-router\build\layouts\withLayoutContext.js)
  Object.assign$argument_0 (node_modules\expo-router\build\layouts\StackClient.js)
  Layout (app\(tabs)\_layout.tsx)
  WrappedScreenComponent (node_modules\expo-router\build\useScreens.js)
  BaseRoute (node_modules\expo-router\build\useScreens.js)
  SceneView (node_modules\expo-router\build\react-navigation\core\SceneView.js)
  render (node_modules\expo-router\build\react-navigation\core\useDescriptors.js)
  routes.reduce$argument_0 (node_modules\expo-router\build\react-navigation\core\useDescriptors.js)
  reduce (<native>)
  useDescriptors (node_modules\expo-router\build\react-navigation\core\useDescriptors.js)
  useNavigationBuilder (node_modules\expo-router\build\react-navigation\core\useNavigationBuilder.js)
  NativeStackNavigator (node_modules\expo-router\build\fork\native-stack\createNativeStackNavigator.js)
  <anonymous> (node_modules\expo-router\build\layouts\withLayoutContext.js)
  Object.assign$argument_0 (node_modules\expo-router\build\layouts\StackClient.js)
  RootLayout (app\_layout.tsx)
  WrappedScreenComponent (node_modules\expo-router\build\useScreens.js)
  BaseRoute (node_modules\expo-router\build\useScreens.js)
  SceneView (node_modules\expo-router\build\react-navigation\core\SceneView.js)
  render (node_modules\expo-router\build\react-navigation\core\useDescriptors.js)
  routes.reduce$argument_0 (node_modules\expo-router\build\react-navigation\core\useDescriptors.js)
  reduce (<native>)
  useDescriptors (node_modules\expo-router\build\react-navigation\core\useDescriptors.js)
  useNavigationBuilder (node_modules\expo-router\build\react-navigation\core\useNavigationBuilder.js)
  Content (node_modules\expo-router\build\ExpoRoot.js)
  ContextNavigator (node_modules\expo-router\build\ExpoRoot.js)
  ExpoRoot (node_modules\expo-router\build\ExpoRoot.js)
  App (node_modules\expo-router\build\qualified-entry.js)
  WithDevTools (node_modules\expo\src\launch\withDevTools.tsx)
 WARN  SafeAreaView has been deprecated and will be removed in a future release. Please use 'react-native-safe-area-context' instead. See https://github.com/AppAndFlow/react-native-safe-area-context
