
C:\Users\Peposi\Documents\Kapp\android>if "Windows_NT" == "Windows_NT" setlocal

C:\Users\Peposi\Documents\Kapp\android>set DIRNAME=C:\Users\Peposi\.gradle\wrapper\dists\gradle-8.14.3-bin\cv11ve7ro1n3o1j4so8xd9n66\gradle-8.14.3\bin\ 

C:\Users\Peposi\Documents\Kapp\android>if "C:\Users\Peposi\.gradle\wrapper\dists\gradle-8.14.3-bin\cv11ve7ro1n3o1j4so8xd9n66\gradle-8.14.3\bin\" == "" set DIRNAME=. 

C:\Users\Peposi\Documents\Kapp\android>set APP_BASE_NAME=gradle 

C:\Users\Peposi\Documents\Kapp\android>set APP_HOME=C:\Users\Peposi\.gradle\wrapper\dists\gradle-8.14.3-bin\cv11ve7ro1n3o1j4so8xd9n66\gradle-8.14.3\bin\.. 

C:\Users\Peposi\Documents\Kapp\android>for %i in ("C:\Users\Peposi\.gradle\wrapper\dists\gradle-8.14.3-bin\cv11ve7ro1n3o1j4so8xd9n66\gradle-8.14.3\bin\..") do set APP_HOME=%~fi 

C:\Users\Peposi\Documents\Kapp\android>set APP_HOME=C:\Users\Peposi\.gradle\wrapper\dists\gradle-8.14.3-bin\cv11ve7ro1n3o1j4so8xd9n66\gradle-8.14.3 

C:\Users\Peposi\Documents\Kapp\android>set DEFAULT_JVM_OPTS="-Xmx64m" "-Xms64m" "-javaagent:C:\Users\Peposi\.gradle\wrapper\dists\gradle-8.14.3-bin\cv11ve7ro1n3o1j4so8xd9n66\gradle-8.14.3/lib/agents/gradle-instrumentation-agent-8.14.3.jar" 

C:\Users\Peposi\Documents\Kapp\android>if defined JAVA_HOME goto findJavaFromJavaHome 

C:\Users\Peposi\Documents\Kapp\android>set JAVA_HOME=C:\Program Files\Android\Android Studio\jbr 

C:\Users\Peposi\Documents\Kapp\android>set JAVA_EXE=C:\Program Files\Android\Android Studio\jbr/bin/java.exe 

C:\Users\Peposi\Documents\Kapp\android>if exist "C:\Program Files\Android\Android Studio\jbr/bin/java.exe" goto execute 

C:\Users\Peposi\Documents\Kapp\android>set CLASSPATH= 

C:\Users\Peposi\Documents\Kapp\android>"C:\Program Files\Android\Android Studio\jbr/bin/java.exe" "-Xmx64m" "-Xms64m" "-javaagent:C:\Users\Peposi\.gradle\wrapper\dists\gradle-8.14.3-bin\cv11ve7ro1n3o1j4so8xd9n66\gradle-8.14.3/lib/agents/gradle-instrumentation-agent-8.14.3.jar"   "-Dorg.gradle.appname=gradle" -classpath "" -jar "C:\Users\Peposi\.gradle\wrapper\dists\gradle-8.14.3-bin\cv11ve7ro1n3o1j4so8xd9n66\gradle-8.14.3\lib\gradle-gradle-cli-main-8.14.3.jar" assembleRelease --console=plain --no-daemon --offline 
To honour the JVM settings for this build a single-use Daemon process will be forked. For more on this, please refer to https://docs.gradle.org/8.14.3/userguide/gradle_daemon.html#sec:disabling_the_daemon in the Gradle documentation.
Daemon will be stopped at the end of the build 

C:\Users\Peposi\Documents\Kapp\android>if 1 EQU 0 goto mainEnd 

C:\Users\Peposi\Documents\Kapp\android>rem Set variable GRADLE_EXIT_CONSOLE if you need the _script_ return code instead of 

C:\Users\Peposi\Documents\Kapp\android>rem the _cmd.exe /c_ return code! 

C:\Users\Peposi\Documents\Kapp\android>set EXIT_CODE=1 

C:\Users\Peposi\Documents\Kapp\android>if 1 EQU 0 set EXIT_CODE=1 

C:\Users\Peposi\Documents\Kapp\android>if not "" == "" exit 1 

C:\Users\Peposi\Documents\Kapp\android>exit /b 1 
